mul8_000.bin
mul8_001.bin
mul8_002.bin
mul8_003.bin
mul8_004.bin
mul8_005.bin
mul8_006.bin
mul8_007.bin
mul8_008.bin
mul8_009.bin
mul8_010.bin
mul8_011.bin
mul8_012.bin
mul8_013.bin
mul8_014.bin
mul8_015.bin
mul8_016.bin
mul8_017.bin
mul8_018.bin
mul8_019.bin
mul8_020.bin
mul8_021.bin
mul8_022.bin
mul8_023.bin
mul8_024.bin
mul8_025.bin
mul8_026.bin
mul8_027.bin
mul8_028.bin
mul8_029.bin
mul8_030.bin
mul8_031.bin
mul8_032.bin
mul8_033.bin
mul8_034.bin
mul8_035.bin
mul8_036.bin
mul8_037.bin
mul8_038.bin
mul8_039.bin
mul8_040.bin
mul8_041.bin
mul8_042.bin
mul8_043.bin
mul8_044.bin
mul8_045.bin
mul8_046.bin
mul8_047.bin
mul8_048.bin
mul8_049.bin
mul8_050.bin
mul8_051.bin
mul8_052.bin
mul8_053.bin
mul8_054.bin
mul8_055.bin
mul8_056.bin
mul8_057.bin
mul8_058.bin
mul8_059.bin
mul8_060.bin
mul8_061.bin
mul8_062.bin
mul8_063.bin
mul8_064.bin
mul8_065.bin
mul8_066.bin
mul8_067.bin
mul8_068.bin
mul8_069.bin
mul8_070.bin
mul8_071.bin
mul8_072.bin
mul8_073.bin
mul8_074.bin
mul8_075.bin
mul8_076.bin
mul8_077.bin
mul8_078.bin
mul8_079.bin
mul8_080.bin
mul8_081.bin
mul8_082.bin
mul8_083.bin
mul8_084.bin
mul8_085.bin
mul8_086.bin
mul8_087.bin
mul8_088.bin
mul8_089.bin
mul8_090.bin
mul8_091.bin
mul8_092.bin
mul8_093.bin
mul8_094.bin
mul8_095.bin
mul8_096.bin
mul8_097.bin
mul8_098.bin
mul8_099.bin
mul8_100.bin
mul8_101.bin
mul8_102.bin
mul8_103.bin
mul8_104.bin
mul8_105.bin
mul8_106.bin
mul8_107.bin
mul8_108.bin
mul8_109.bin
mul8_110.bin
mul8_111.bin
mul8_112.bin
mul8_113.bin
mul8_114.bin
mul8_115.bin
mul8_116.bin
mul8_117.bin
mul8_118.bin
mul8_119.bin
mul8_120.bin
mul8_121.bin
mul8_122.bin
mul8_123.bin
mul8_124.bin
mul8_125.bin
mul8_126.bin
mul8_127.bin
mul8_128.bin
mul8_129.bin
mul8_130.bin
mul8_131.bin
mul8_132.bin
mul8_133.bin
mul8_134.bin
mul8_135.bin
mul8_136.bin
mul8_137.bin
mul8_138.bin
mul8_139.bin
mul8_140.bin
mul8_141.bin
mul8_142.bin
mul8_143.bin
mul8_144.bin
mul8_145.bin
mul8_146.bin
mul8_147.bin
mul8_148.bin
mul8_149.bin
mul8_150.bin
mul8_151.bin
mul8_152.bin
mul8_153.bin
mul8_154.bin
mul8_155.bin
mul8_156.bin
mul8_157.bin
mul8_158.bin
mul8_159.bin
mul8_160.bin
mul8_161.bin
mul8_162.bin
mul8_163.bin
mul8_164.bin
mul8_165.bin
mul8_166.bin
mul8_167.bin
mul8_168.bin
mul8_169.bin
mul8_170.bin
mul8_171.bin
mul8_172.bin
mul8_173.bin
mul8_174.bin
mul8_175.bin
mul8_176.bin
mul8_177.bin
mul8_178.bin
mul8_179.bin
mul8_180.bin
mul8_181.bin
mul8_182.bin
mul8_183.bin
mul8_184.bin
mul8_185.bin
mul8_186.bin
mul8_187.bin
mul8_188.bin
mul8_189.bin
mul8_190.bin
mul8_191.bin
mul8_192.bin
mul8_193.bin
mul8_194.bin
mul8_195.bin
mul8_196.bin
mul8_197.bin
mul8_198.bin
mul8_199.bin
mul8_200.bin
mul8_201.bin
mul8_202.bin
mul8_203.bin
mul8_204.bin
mul8_205.bin
mul8_206.bin
mul8_207.bin
mul8_208.bin
mul8_209.bin
mul8_210.bin
mul8_211.bin
mul8_212.bin
mul8_213.bin
mul8_214.bin
mul8_215.bin
mul8_216.bin
mul8_217.bin
mul8_218.bin
mul8_219.bin
mul8_220.bin
mul8_221.bin
mul8_222.bin
mul8_223.bin
mul8_224.bin
mul8_225.bin
mul8_226.bin
mul8_227.bin
mul8_228.bin
mul8_229.bin
mul8_230.bin
mul8_231.bin
mul8_232.bin
mul8_233.bin
mul8_234.bin
mul8_235.bin
mul8_236.bin
mul8_237.bin
mul8_238.bin
mul8_239.bin
mul8_240.bin
mul8_241.bin
mul8_242.bin
mul8_243.bin
mul8_244.bin
mul8_245.bin
mul8_246.bin
mul8_247.bin
mul8_248.bin
mul8_249.bin
mul8_250.bin
mul8_251.bin
mul8_252.bin
mul8_253.bin
mul8_254.bin
mul8_255.bin
mul8_256.bin
mul8_257.bin
mul8_258.bin
mul8_259.bin
mul8_260.bin
mul8_261.bin
mul8_262.bin
mul8_263.bin
mul8_264.bin
mul8_265.bin
mul8_266.bin
mul8_267.bin
mul8_268.bin
mul8_269.bin
mul8_270.bin
mul8_271.bin
mul8_272.bin
mul8_273.bin
mul8_274.bin
mul8_275.bin
mul8_276.bin
mul8_277.bin
mul8_278.bin
mul8_279.bin
mul8_280.bin
mul8_281.bin
mul8_282.bin
mul8_283.bin
mul8_284.bin
mul8_285.bin
mul8_286.bin
mul8_287.bin
mul8_288.bin
mul8_289.bin
mul8_290.bin
mul8_291.bin
mul8_292.bin
mul8_293.bin
mul8_294.bin
mul8_295.bin
mul8_296.bin
mul8_297.bin
mul8_298.bin
mul8_299.bin
mul8_300.bin
mul8_301.bin
mul8_302.bin
mul8_303.bin
mul8_304.bin
mul8_305.bin
mul8_306.bin
mul8_307.bin
mul8_308.bin
mul8_309.bin
mul8_310.bin
mul8_311.bin
mul8_312.bin
mul8_313.bin
mul8_314.bin
mul8_315.bin
mul8_316.bin
mul8_317.bin
mul8_318.bin
mul8_319.bin
mul8_320.bin
mul8_321.bin
mul8_322.bin
mul8_323.bin
mul8_324.bin
mul8_325.bin
mul8_326.bin
mul8_327.bin
mul8_328.bin
mul8_329.bin
mul8_330.bin
mul8_331.bin
mul8_332.bin
mul8_333.bin
mul8_334.bin
mul8_335.bin
mul8_336.bin
mul8_337.bin
mul8_338.bin
mul8_339.bin
mul8_340.bin
mul8_341.bin
mul8_342.bin
mul8_343.bin
mul8_344.bin
mul8_345.bin
mul8_346.bin
mul8_347.bin
mul8_348.bin
mul8_349.bin
mul8_350.bin
mul8_351.bin
mul8_352.bin
mul8_353.bin
mul8_354.bin
mul8_355.bin
mul8_356.bin
mul8_357.bin
mul8_358.bin
mul8_359.bin
mul8_360.bin
mul8_361.bin
mul8_362.bin
mul8_363.bin
mul8_364.bin
mul8_365.bin
mul8_366.bin
mul8_367.bin
mul8_368.bin
mul8_369.bin
mul8_370.bin
mul8_371.bin
mul8_372.bin
mul8_373.bin
mul8_374.bin
mul8_375.bin
mul8_376.bin
mul8_377.bin
mul8_378.bin
mul8_379.bin
mul8_380.bin
mul8_381.bin
mul8_382.bin
mul8_383.bin
mul8_384.bin
mul8_385.bin
mul8_386.bin
mul8_387.bin
mul8_388.bin
mul8_389.bin
mul8_390.bin
mul8_391.bin
mul8_392.bin
mul8_393.bin
mul8_394.bin
mul8_395.bin
mul8_396.bin
mul8_397.bin
mul8_398.bin
mul8_399.bin
mul8_400.bin
mul8_401.bin
mul8_402.bin
mul8_403.bin
mul8_404.bin
mul8_405.bin
mul8_406.bin
mul8_407.bin
mul8_408.bin
mul8_409.bin
mul8_410.bin
mul8_411.bin
mul8_412.bin
mul8_413.bin
mul8_414.bin
mul8_415.bin
mul8_416.bin
mul8_417.bin
mul8_418.bin
mul8_419.bin
mul8_420.bin
mul8_421.bin
mul8_422.bin
mul8_423.bin
mul8_424.bin
mul8_425.bin
mul8_426.bin
mul8_427.bin
mul8_428.bin
mul8_429.bin
mul8_430.bin
mul8_431.bin
mul8_432.bin
mul8_433.bin
mul8_434.bin
mul8_435.bin
mul8_436.bin
mul8_437.bin
mul8_438.bin
mul8_439.bin
mul8_440.bin
mul8_441.bin
mul8_442.bin
mul8_443.bin
mul8_444.bin
mul8_445.bin
mul8_446.bin
mul8_447.bin
mul8_448.bin
mul8_449.bin
mul8_450.bin
mul8_451.bin
mul8_452.bin
mul8_453.bin
mul8_454.bin
mul8_455.bin
mul8_456.bin
mul8_457.bin
mul8_458.bin
mul8_459.bin
mul8_460.bin
mul8_461.bin
mul8_462.bin
mul8_463.bin
mul8_464.bin
mul8_465.bin
mul8_466.bin
mul8_467.bin
mul8_468.bin
mul8_469.bin
mul8_470.bin
mul8_471.bin
mul8_472.bin
mul8_473.bin
mul8_474.bin
mul8_475.bin
mul8_476.bin
mul8_477.bin
mul8_478.bin
mul8_479.bin
mul8_480.bin
mul8_481.bin
mul8_482.bin
mul8_483.bin
mul8_484.bin
mul8_485.bin
mul8_486.bin
mul8_487.bin
mul8_488.bin
mul8_489.bin
mul8_490.bin
mul8_491.bin
mul8_492.bin
mul8_493.bin
mul8_494.bin
mul8_495.bin
mul8_496.bin
mul8_497.bin
mul8_498.bin
mul8_499.bin
ReFAM_new1_sta1_j1_k1.bin
ReFAM_new1_sta1_j1_k2.bin
ReFAM_new1_sta1_j1_k3.bin
ReFAM_new1_sta1_j1_k4.bin
ReFAM_new1_sta1_j1_k5.bin
ReFAM_new1_sta1_j1_k6.bin
ReFAM_new1_sta1_j1_k7.bin
ReFAM_new1_sta1_j1_k8.bin
ReFAM_new1_sta1_j2_k1.bin
ReFAM_new1_sta1_j2_k2.bin
ReFAM_new1_sta1_j2_k3.bin
ReFAM_new1_sta1_j2_k4.bin
ReFAM_new1_sta1_j2_k5.bin
ReFAM_new1_sta1_j2_k6.bin
ReFAM_new1_sta1_j2_k7.bin
ReFAM_new1_sta1_j3_k1.bin
ReFAM_new1_sta1_j3_k2.bin
ReFAM_new1_sta1_j3_k3.bin
ReFAM_new1_sta1_j3_k4.bin
ReFAM_new1_sta1_j3_k5.bin
ReFAM_new1_sta1_j3_k6.bin
ReFAM_new1_sta1_j4_k1.bin
ReFAM_new1_sta1_j4_k2.bin
ReFAM_new1_sta1_j4_k3.bin
ReFAM_new1_sta1_j4_k4.bin
ReFAM_new1_sta1_j4_k5.bin
ReFAM_new1_sta1_j5_k1.bin
ReFAM_new1_sta1_j5_k2.bin
ReFAM_new1_sta1_j5_k3.bin
ReFAM_new1_sta1_j5_k4.bin
ReFAM_new1_sta1_j6_k1.bin
ReFAM_new1_sta1_j6_k2.bin
ReFAM_new1_sta1_j6_k3.bin
ReFAM_new1_sta1_j7_k1.bin
ReFAM_new1_sta1_j7_k2.bin
ReFAM_new1_sta2_j1_k1.bin
ReFAM_new1_sta2_j1_k2.bin
ReFAM_new1_sta2_j1_k3.bin
ReFAM_new1_sta2_j1_k4.bin
ReFAM_new1_sta2_j1_k5.bin
ReFAM_new1_sta2_j1_k6.bin
ReFAM_new1_sta2_j1_k7.bin
ReFAM_new1_sta2_j1_k8.bin
ReFAM_new1_sta2_j2_k1.bin
ReFAM_new1_sta2_j2_k2.bin
ReFAM_new1_sta2_j2_k3.bin
ReFAM_new1_sta2_j2_k4.bin
ReFAM_new1_sta2_j2_k5.bin
ReFAM_new1_sta2_j2_k6.bin
ReFAM_new1_sta2_j2_k7.bin
ReFAM_new1_sta2_j3_k1.bin
ReFAM_new1_sta2_j3_k2.bin
ReFAM_new1_sta2_j3_k3.bin
ReFAM_new1_sta2_j3_k4.bin
ReFAM_new1_sta2_j3_k5.bin
ReFAM_new1_sta2_j3_k6.bin
ReFAM_new1_sta2_j4_k1.bin
ReFAM_new1_sta2_j4_k2.bin
ReFAM_new1_sta2_j4_k3.bin
ReFAM_new1_sta2_j4_k4.bin
ReFAM_new1_sta2_j4_k5.bin
ReFAM_new1_sta2_j5_k1.bin
ReFAM_new1_sta2_j5_k2.bin
ReFAM_new1_sta2_j5_k3.bin
ReFAM_new1_sta2_j5_k4.bin
ReFAM_new1_sta2_j6_k1.bin
ReFAM_new1_sta2_j6_k2.bin
ReFAM_new1_sta2_j6_k3.bin
ReFAM_new1_sta2_j7_k1.bin
ReFAM_new1_sta2_j7_k2.bin
ReFAM_new1_sta3_j1_k1.bin
ReFAM_new1_sta3_j1_k2.bin
ReFAM_new1_sta3_j1_k3.bin
ReFAM_new1_sta3_j1_k4.bin
ReFAM_new1_sta3_j1_k5.bin
ReFAM_new1_sta3_j1_k6.bin
ReFAM_new1_sta3_j1_k7.bin
ReFAM_new1_sta3_j1_k8.bin
ReFAM_new1_sta3_j2_k1.bin
ReFAM_new1_sta3_j2_k2.bin
ReFAM_new1_sta3_j2_k3.bin
ReFAM_new1_sta3_j2_k4.bin
ReFAM_new1_sta3_j2_k5.bin
ReFAM_new1_sta3_j2_k6.bin
ReFAM_new1_sta3_j2_k7.bin
ReFAM_new1_sta3_j3_k1.bin
ReFAM_new1_sta3_j3_k2.bin
ReFAM_new1_sta3_j3_k3.bin
ReFAM_new1_sta3_j3_k4.bin
ReFAM_new1_sta3_j3_k5.bin
ReFAM_new1_sta3_j3_k6.bin
ReFAM_new1_sta3_j4_k1.bin
ReFAM_new1_sta3_j4_k2.bin
ReFAM_new1_sta3_j4_k3.bin
ReFAM_new1_sta3_j4_k4.bin
ReFAM_new1_sta3_j4_k5.bin
ReFAM_new1_sta3_j5_k1.bin
ReFAM_new1_sta3_j5_k2.bin
ReFAM_new1_sta3_j5_k3.bin
ReFAM_new1_sta3_j5_k4.bin
ReFAM_new1_sta3_j6_k1.bin
ReFAM_new1_sta3_j6_k2.bin
ReFAM_new1_sta3_j6_k3.bin
ReFAM_new1_sta3_j7_k1.bin
ReFAM_new1_sta3_j7_k2.bin
ReFAM_new1_sta4_j1_k1.bin
ReFAM_new1_sta4_j1_k2.bin
ReFAM_new1_sta4_j1_k3.bin
ReFAM_new1_sta4_j1_k4.bin
ReFAM_new1_sta4_j1_k5.bin
ReFAM_new1_sta4_j1_k6.bin
ReFAM_new1_sta4_j1_k7.bin
ReFAM_new1_sta4_j1_k8.bin
ReFAM_new1_sta4_j2_k1.bin
ReFAM_new1_sta4_j2_k2.bin
ReFAM_new1_sta4_j2_k3.bin
ReFAM_new1_sta4_j2_k4.bin
ReFAM_new1_sta4_j2_k5.bin
ReFAM_new1_sta4_j2_k6.bin
ReFAM_new1_sta4_j2_k7.bin
ReFAM_new1_sta4_j3_k1.bin
ReFAM_new1_sta4_j3_k2.bin
ReFAM_new1_sta4_j3_k3.bin
ReFAM_new1_sta4_j3_k4.bin
ReFAM_new1_sta4_j3_k5.bin
ReFAM_new1_sta4_j3_k6.bin
ReFAM_new1_sta4_j4_k1.bin
ReFAM_new1_sta4_j4_k2.bin
ReFAM_new1_sta4_j4_k3.bin
ReFAM_new1_sta4_j4_k4.bin
ReFAM_new1_sta4_j4_k5.bin
ReFAM_new1_sta4_j5_k1.bin
ReFAM_new1_sta4_j5_k2.bin
ReFAM_new1_sta4_j5_k3.bin
ReFAM_new1_sta4_j5_k4.bin
ReFAM_new1_sta4_j6_k1.bin
ReFAM_new1_sta4_j6_k2.bin
ReFAM_new1_sta4_j6_k3.bin
ReFAM_new1_sta4_j7_k1.bin
ReFAM_new1_sta4_j7_k2.bin
ReFAM_new2_sta1_j1_k1.bin
ReFAM_new2_sta1_j1_k2.bin
ReFAM_new2_sta1_j1_k3.bin
ReFAM_new2_sta1_j1_k4.bin
ReFAM_new2_sta1_j1_k5.bin
ReFAM_new2_sta1_j1_k6.bin
ReFAM_new2_sta1_j1_k7.bin
ReFAM_new2_sta1_j1_k8.bin
ReFAM_new2_sta1_j2_k1.bin
ReFAM_new2_sta1_j2_k2.bin
ReFAM_new2_sta1_j2_k3.bin
ReFAM_new2_sta1_j2_k4.bin
ReFAM_new2_sta1_j2_k5.bin
ReFAM_new2_sta1_j2_k6.bin
ReFAM_new2_sta1_j2_k7.bin
ReFAM_new2_sta1_j3_k1.bin
ReFAM_new2_sta1_j3_k2.bin
ReFAM_new2_sta1_j3_k3.bin
ReFAM_new2_sta1_j3_k4.bin
ReFAM_new2_sta1_j3_k5.bin
ReFAM_new2_sta1_j3_k6.bin
ReFAM_new2_sta1_j4_k1.bin
ReFAM_new2_sta1_j4_k2.bin
ReFAM_new2_sta1_j4_k3.bin
ReFAM_new2_sta1_j4_k4.bin
ReFAM_new2_sta1_j4_k5.bin
ReFAM_new2_sta1_j5_k1.bin
ReFAM_new2_sta1_j5_k2.bin
ReFAM_new2_sta1_j5_k3.bin
ReFAM_new2_sta1_j5_k4.bin
ReFAM_new2_sta1_j6_k1.bin
ReFAM_new2_sta1_j6_k2.bin
ReFAM_new2_sta1_j6_k3.bin
ReFAM_new2_sta1_j7_k1.bin
ReFAM_new2_sta1_j7_k2.bin
ReFAM_new2_sta2_j1_k1.bin
ReFAM_new2_sta2_j1_k2.bin
ReFAM_new2_sta2_j1_k3.bin
ReFAM_new2_sta2_j1_k4.bin
ReFAM_new2_sta2_j1_k5.bin
ReFAM_new2_sta2_j1_k6.bin
ReFAM_new2_sta2_j1_k7.bin
ReFAM_new2_sta2_j1_k8.bin
ReFAM_new2_sta2_j2_k1.bin
ReFAM_new2_sta2_j2_k2.bin
ReFAM_new2_sta2_j2_k3.bin
ReFAM_new2_sta2_j2_k4.bin
ReFAM_new2_sta2_j2_k5.bin
ReFAM_new2_sta2_j2_k6.bin
ReFAM_new2_sta2_j2_k7.bin
ReFAM_new2_sta2_j3_k1.bin
ReFAM_new2_sta2_j3_k2.bin
ReFAM_new2_sta2_j3_k3.bin
ReFAM_new2_sta2_j3_k4.bin
ReFAM_new2_sta2_j3_k5.bin
ReFAM_new2_sta2_j3_k6.bin
ReFAM_new2_sta2_j4_k1.bin
ReFAM_new2_sta2_j4_k2.bin
ReFAM_new2_sta2_j4_k3.bin
ReFAM_new2_sta2_j4_k4.bin
ReFAM_new2_sta2_j4_k5.bin
ReFAM_new2_sta2_j5_k1.bin
ReFAM_new2_sta2_j5_k2.bin
ReFAM_new2_sta2_j5_k3.bin
ReFAM_new2_sta2_j5_k4.bin
ReFAM_new2_sta2_j6_k1.bin
ReFAM_new2_sta2_j6_k2.bin
ReFAM_new2_sta2_j6_k3.bin
ReFAM_new2_sta2_j7_k1.bin
ReFAM_new2_sta2_j7_k2.bin
ReFAM_new2_sta3_j1_k1.bin
ReFAM_new2_sta3_j1_k2.bin
ReFAM_new2_sta3_j1_k3.bin
ReFAM_new2_sta3_j1_k4.bin
ReFAM_new2_sta3_j1_k5.bin
ReFAM_new2_sta3_j1_k6.bin
ReFAM_new2_sta3_j1_k7.bin
ReFAM_new2_sta3_j1_k8.bin
ReFAM_new2_sta3_j2_k1.bin
ReFAM_new2_sta3_j2_k2.bin
ReFAM_new2_sta3_j2_k3.bin
ReFAM_new2_sta3_j2_k4.bin
ReFAM_new2_sta3_j2_k5.bin
ReFAM_new2_sta3_j2_k6.bin
ReFAM_new2_sta3_j2_k7.bin
ReFAM_new2_sta3_j3_k1.bin
ReFAM_new2_sta3_j3_k2.bin
ReFAM_new2_sta3_j3_k3.bin
ReFAM_new2_sta3_j3_k4.bin
ReFAM_new2_sta3_j3_k5.bin
ReFAM_new2_sta3_j3_k6.bin
ReFAM_new2_sta3_j4_k1.bin
ReFAM_new2_sta3_j4_k2.bin
ReFAM_new2_sta3_j4_k3.bin
ReFAM_new2_sta3_j4_k4.bin
ReFAM_new2_sta3_j4_k5.bin
ReFAM_new2_sta3_j5_k1.bin
ReFAM_new2_sta3_j5_k2.bin
ReFAM_new2_sta3_j5_k3.bin
ReFAM_new2_sta3_j5_k4.bin
ReFAM_new2_sta3_j6_k1.bin
ReFAM_new2_sta3_j6_k2.bin
ReFAM_new2_sta3_j6_k3.bin
ReFAM_new2_sta3_j7_k1.bin
ReFAM_new2_sta3_j7_k2.bin
ReFAM_new2_sta4_j1_k1.bin
ReFAM_new2_sta4_j1_k2.bin
ReFAM_new2_sta4_j1_k3.bin
ReFAM_new2_sta4_j1_k4.bin
ReFAM_new2_sta4_j1_k5.bin
ReFAM_new2_sta4_j1_k6.bin
ReFAM_new2_sta4_j1_k7.bin
ReFAM_new2_sta4_j1_k8.bin
ReFAM_new2_sta4_j2_k1.bin
ReFAM_new2_sta4_j2_k2.bin
ReFAM_new2_sta4_j2_k3.bin
ReFAM_new2_sta4_j2_k4.bin
ReFAM_new2_sta4_j2_k5.bin
ReFAM_new2_sta4_j2_k6.bin
ReFAM_new2_sta4_j2_k7.bin
ReFAM_new2_sta4_j3_k1.bin
ReFAM_new2_sta4_j3_k2.bin
ReFAM_new2_sta4_j3_k3.bin
ReFAM_new2_sta4_j3_k4.bin
ReFAM_new2_sta4_j3_k5.bin
ReFAM_new2_sta4_j3_k6.bin
ReFAM_new2_sta4_j4_k1.bin
ReFAM_new2_sta4_j4_k2.bin
ReFAM_new2_sta4_j4_k3.bin
ReFAM_new2_sta4_j4_k4.bin
ReFAM_new2_sta4_j4_k5.bin
ReFAM_new2_sta4_j5_k1.bin
ReFAM_new2_sta4_j5_k2.bin
ReFAM_new2_sta4_j5_k3.bin
ReFAM_new2_sta4_j5_k4.bin
ReFAM_new2_sta4_j6_k1.bin
ReFAM_new2_sta4_j6_k2.bin
ReFAM_new2_sta4_j6_k3.bin
ReFAM_new2_sta4_j7_k1.bin
ReFAM_new2_sta4_j7_k2.bin
ReFAM_new_sta1_j1_k1.bin
ReFAM_new_sta1_j1_k2.bin
ReFAM_new_sta1_j1_k3.bin
ReFAM_new_sta1_j1_k4.bin
ReFAM_new_sta1_j1_k5.bin
ReFAM_new_sta1_j1_k6.bin
ReFAM_new_sta1_j1_k7.bin
ReFAM_new_sta1_j1_k8.bin
ReFAM_new_sta1_j2_k1.bin
ReFAM_new_sta1_j2_k2.bin
ReFAM_new_sta1_j2_k3.bin
ReFAM_new_sta1_j2_k4.bin
ReFAM_new_sta1_j2_k5.bin
ReFAM_new_sta1_j2_k6.bin
ReFAM_new_sta1_j2_k7.bin
ReFAM_new_sta1_j3_k1.bin
ReFAM_new_sta1_j3_k2.bin
ReFAM_new_sta1_j3_k3.bin
ReFAM_new_sta1_j3_k4.bin
ReFAM_new_sta1_j3_k5.bin
ReFAM_new_sta1_j3_k6.bin
ReFAM_new_sta1_j4_k1.bin
ReFAM_new_sta1_j4_k2.bin
ReFAM_new_sta1_j4_k3.bin
ReFAM_new_sta1_j4_k4.bin
ReFAM_new_sta1_j4_k5.bin
ReFAM_new_sta1_j5_k1.bin
ReFAM_new_sta1_j5_k2.bin
ReFAM_new_sta1_j5_k3.bin
ReFAM_new_sta1_j5_k4.bin
ReFAM_new_sta1_j6_k1.bin
ReFAM_new_sta1_j6_k2.bin
ReFAM_new_sta1_j6_k3.bin
ReFAM_new_sta1_j7_k1.bin
ReFAM_new_sta1_j7_k2.bin
ReFAM_new_sta2_j1_k1.bin
ReFAM_new_sta2_j1_k2.bin
ReFAM_new_sta2_j1_k3.bin
ReFAM_new_sta2_j1_k4.bin
ReFAM_new_sta2_j1_k5.bin
ReFAM_new_sta2_j1_k6.bin
ReFAM_new_sta2_j1_k7.bin
ReFAM_new_sta2_j1_k8.bin
ReFAM_new_sta2_j2_k1.bin
ReFAM_new_sta2_j2_k2.bin
ReFAM_new_sta2_j2_k3.bin
ReFAM_new_sta2_j2_k4.bin
ReFAM_new_sta2_j2_k5.bin
ReFAM_new_sta2_j2_k6.bin
ReFAM_new_sta2_j2_k7.bin
ReFAM_new_sta2_j3_k1.bin
ReFAM_new_sta2_j3_k2.bin
ReFAM_new_sta2_j3_k3.bin
ReFAM_new_sta2_j3_k4.bin
ReFAM_new_sta2_j3_k5.bin
ReFAM_new_sta2_j3_k6.bin
ReFAM_new_sta2_j4_k1.bin
ReFAM_new_sta2_j4_k2.bin
ReFAM_new_sta2_j4_k3.bin
ReFAM_new_sta2_j4_k4.bin
ReFAM_new_sta2_j4_k5.bin
ReFAM_new_sta2_j5_k1.bin
ReFAM_new_sta2_j5_k2.bin
ReFAM_new_sta2_j5_k3.bin
ReFAM_new_sta2_j5_k4.bin
ReFAM_new_sta2_j6_k1.bin
ReFAM_new_sta2_j6_k2.bin
ReFAM_new_sta2_j6_k3.bin
ReFAM_new_sta2_j7_k1.bin
ReFAM_new_sta2_j7_k2.bin
ReFAM_new_sta3_j1_k1.bin
ReFAM_new_sta3_j1_k2.bin
ReFAM_new_sta3_j1_k3.bin
ReFAM_new_sta3_j1_k4.bin
ReFAM_new_sta3_j1_k5.bin
ReFAM_new_sta3_j1_k6.bin
ReFAM_new_sta3_j1_k7.bin
ReFAM_new_sta3_j1_k8.bin
ReFAM_new_sta3_j2_k1.bin
ReFAM_new_sta3_j2_k2.bin
ReFAM_new_sta3_j2_k3.bin
ReFAM_new_sta3_j2_k4.bin
ReFAM_new_sta3_j2_k5.bin
ReFAM_new_sta3_j2_k6.bin
ReFAM_new_sta3_j2_k7.bin
ReFAM_new_sta3_j3_k1.bin
ReFAM_new_sta3_j3_k2.bin
ReFAM_new_sta3_j3_k3.bin
ReFAM_new_sta3_j3_k4.bin
ReFAM_new_sta3_j3_k5.bin
ReFAM_new_sta3_j3_k6.bin
ReFAM_new_sta3_j4_k1.bin
ReFAM_new_sta3_j4_k2.bin
ReFAM_new_sta3_j4_k3.bin
ReFAM_new_sta3_j4_k4.bin
ReFAM_new_sta3_j4_k5.bin
ReFAM_new_sta3_j5_k1.bin
ReFAM_new_sta3_j5_k2.bin
ReFAM_new_sta3_j5_k3.bin
ReFAM_new_sta3_j5_k4.bin
ReFAM_new_sta3_j6_k1.bin
ReFAM_new_sta3_j6_k2.bin
ReFAM_new_sta3_j6_k3.bin
ReFAM_new_sta3_j7_k1.bin
ReFAM_new_sta3_j7_k2.bin
ReFAM_sta1_j1_k1_const0.bin
ReFAM_sta1_j1_k1_const1.bin
ReFAM_sta1_j1_k2_const0.bin
ReFAM_sta1_j1_k2_const1.bin
ReFAM_sta1_j1_k3_const0.bin
ReFAM_sta1_j1_k3_const1.bin
ReFAM_sta1_j1_k4_const0.bin
ReFAM_sta1_j1_k4_const1.bin
ReFAM_sta1_j1_k5_const0.bin
ReFAM_sta1_j1_k5_const1.bin
ReFAM_sta1_j1_k6_const0.bin
ReFAM_sta1_j1_k6_const1.bin
ReFAM_sta1_j1_k7_const0.bin
ReFAM_sta1_j1_k7_const1.bin
ReFAM_sta1_j1_k8_const0.bin
ReFAM_sta1_j1_k8_const1.bin
ReFAM_sta1_j1_k9_const0.bin
ReFAM_sta1_j1_k9_const1.bin
ReFAM_sta1_j2_k1_const0.bin
ReFAM_sta1_j2_k1_const1.bin
ReFAM_sta1_j2_k2_const0.bin
ReFAM_sta1_j2_k2_const1.bin
ReFAM_sta1_j2_k3_const0.bin
ReFAM_sta1_j2_k3_const1.bin
ReFAM_sta1_j2_k4_const0.bin
ReFAM_sta1_j2_k4_const1.bin
ReFAM_sta1_j2_k5_const0.bin
ReFAM_sta1_j2_k5_const1.bin
ReFAM_sta1_j2_k6_const0.bin
ReFAM_sta1_j2_k6_const1.bin
ReFAM_sta1_j2_k7_const0.bin
ReFAM_sta1_j2_k7_const1.bin
ReFAM_sta1_j2_k8_const0.bin
ReFAM_sta1_j2_k8_const1.bin
ReFAM_sta1_j3_k1_const0.bin
ReFAM_sta1_j3_k1_const1.bin
ReFAM_sta1_j3_k2_const0.bin
ReFAM_sta1_j3_k2_const1.bin
ReFAM_sta1_j3_k3_const0.bin
ReFAM_sta1_j3_k3_const1.bin
ReFAM_sta1_j3_k4_const0.bin
ReFAM_sta1_j3_k4_const1.bin
ReFAM_sta1_j3_k5_const0.bin
ReFAM_sta1_j3_k5_const1.bin
ReFAM_sta1_j3_k6_const0.bin
ReFAM_sta1_j3_k6_const1.bin
ReFAM_sta1_j3_k7_const0.bin
ReFAM_sta1_j3_k7_const1.bin
ReFAM_sta1_j4_k1_const0.bin
ReFAM_sta1_j4_k1_const1.bin
ReFAM_sta1_j4_k2_const0.bin
ReFAM_sta1_j4_k2_const1.bin
ReFAM_sta1_j4_k3_const0.bin
ReFAM_sta1_j4_k3_const1.bin
ReFAM_sta1_j4_k4_const0.bin
ReFAM_sta1_j4_k4_const1.bin
ReFAM_sta1_j4_k5_const0.bin
ReFAM_sta1_j4_k5_const1.bin
ReFAM_sta1_j4_k6_const0.bin
ReFAM_sta1_j4_k6_const1.bin
ReFAM_sta1_j5_k1_const0.bin
ReFAM_sta1_j5_k1_const1.bin
ReFAM_sta1_j5_k2_const0.bin
ReFAM_sta1_j5_k2_const1.bin
ReFAM_sta1_j5_k3_const0.bin
ReFAM_sta1_j5_k3_const1.bin
ReFAM_sta1_j5_k4_const0.bin
ReFAM_sta1_j5_k4_const1.bin
ReFAM_sta1_j5_k5_const0.bin
ReFAM_sta1_j5_k5_const1.bin
ReFAM_sta1_j6_k1_const0.bin
ReFAM_sta1_j6_k1_const1.bin
ReFAM_sta1_j6_k2_const0.bin
ReFAM_sta1_j6_k2_const1.bin
ReFAM_sta1_j6_k3_const0.bin
ReFAM_sta1_j6_k3_const1.bin
ReFAM_sta1_j6_k4_const0.bin
ReFAM_sta1_j6_k4_const1.bin
ReFAM_sta1_j7_k1_const0.bin
ReFAM_sta1_j7_k1_const1.bin
ReFAM_sta1_j7_k2_const0.bin
ReFAM_sta1_j7_k2_const1.bin
ReFAM_sta1_j7_k3_const0.bin
ReFAM_sta1_j7_k3_const1.bin
ReFAM_sta1_j8_k1_const0.bin
ReFAM_sta1_j8_k1_const1.bin
ReFAM_sta1_j8_k2_const0.bin
ReFAM_sta1_j8_k2_const1.bin
ReFAM_sta2_j1_k1_const0.bin
ReFAM_sta2_j1_k1_const1.bin
ReFAM_sta2_j1_k2_const0.bin
ReFAM_sta2_j1_k2_const1.bin
ReFAM_sta2_j1_k3_const0.bin
ReFAM_sta2_j1_k3_const1.bin
ReFAM_sta2_j1_k4_const0.bin
ReFAM_sta2_j1_k4_const1.bin
ReFAM_sta2_j1_k5_const0.bin
ReFAM_sta2_j1_k5_const1.bin
ReFAM_sta2_j1_k6_const0.bin
ReFAM_sta2_j1_k6_const1.bin
ReFAM_sta2_j1_k7_const0.bin
ReFAM_sta2_j1_k7_const1.bin
ReFAM_sta2_j1_k8_const0.bin
ReFAM_sta2_j1_k8_const1.bin
ReFAM_sta2_j1_k9_const0.bin
ReFAM_sta2_j1_k9_const1.bin
ReFAM_sta2_j2_k1_const0.bin
ReFAM_sta2_j2_k1_const1.bin
ReFAM_sta2_j2_k2_const0.bin
ReFAM_sta2_j2_k2_const1.bin
ReFAM_sta2_j2_k3_const0.bin
ReFAM_sta2_j2_k3_const1.bin
ReFAM_sta2_j2_k4_const0.bin
ReFAM_sta2_j2_k4_const1.bin
ReFAM_sta2_j2_k5_const0.bin
ReFAM_sta2_j2_k5_const1.bin
ReFAM_sta2_j2_k6_const0.bin
ReFAM_sta2_j2_k6_const1.bin
ReFAM_sta2_j2_k7_const0.bin
ReFAM_sta2_j2_k7_const1.bin
ReFAM_sta2_j2_k8_const0.bin
ReFAM_sta2_j2_k8_const1.bin
ReFAM_sta2_j3_k1_const0.bin
ReFAM_sta2_j3_k1_const1.bin
ReFAM_sta2_j3_k2_const0.bin
ReFAM_sta2_j3_k2_const1.bin
ReFAM_sta2_j3_k3_const0.bin
ReFAM_sta2_j3_k3_const1.bin
ReFAM_sta2_j3_k4_const0.bin
ReFAM_sta2_j3_k4_const1.bin
ReFAM_sta2_j3_k5_const0.bin
ReFAM_sta2_j3_k5_const1.bin
ReFAM_sta2_j3_k6_const0.bin
ReFAM_sta2_j3_k6_const1.bin
ReFAM_sta2_j3_k7_const0.bin
ReFAM_sta2_j3_k7_const1.bin
ReFAM_sta2_j4_k1_const0.bin
ReFAM_sta2_j4_k1_const1.bin
ReFAM_sta2_j4_k2_const0.bin
ReFAM_sta2_j4_k2_const1.bin
ReFAM_sta2_j4_k3_const0.bin
ReFAM_sta2_j4_k3_const1.bin
ReFAM_sta2_j4_k4_const0.bin
ReFAM_sta2_j4_k4_const1.bin
ReFAM_sta2_j4_k5_const0.bin
ReFAM_sta2_j4_k5_const1.bin
ReFAM_sta2_j4_k6_const0.bin
ReFAM_sta2_j4_k6_const1.bin
ReFAM_sta2_j5_k1_const0.bin
ReFAM_sta2_j5_k1_const1.bin
ReFAM_sta2_j5_k2_const0.bin
ReFAM_sta2_j5_k2_const1.bin
ReFAM_sta2_j5_k3_const0.bin
ReFAM_sta2_j5_k3_const1.bin
ReFAM_sta2_j5_k4_const0.bin
ReFAM_sta2_j5_k4_const1.bin
ReFAM_sta2_j5_k5_const0.bin
ReFAM_sta2_j5_k5_const1.bin
ReFAM_sta2_j6_k1_const0.bin
ReFAM_sta2_j6_k1_const1.bin
ReFAM_sta2_j6_k2_const0.bin
ReFAM_sta2_j6_k2_const1.bin
ReFAM_sta2_j6_k3_const0.bin
ReFAM_sta2_j6_k3_const1.bin
ReFAM_sta2_j6_k4_const0.bin
ReFAM_sta2_j6_k4_const1.bin
ReFAM_sta2_j7_k1_const0.bin
ReFAM_sta2_j7_k1_const1.bin
ReFAM_sta2_j7_k2_const0.bin
ReFAM_sta2_j7_k2_const1.bin
ReFAM_sta2_j7_k3_const0.bin
ReFAM_sta2_j7_k3_const1.bin
ReFAM_sta2_j8_k1_const0.bin
ReFAM_sta2_j8_k1_const1.bin
ReFAM_sta2_j8_k2_const0.bin
ReFAM_sta2_j8_k2_const1.bin
ReFAM_sta3_j1_k1_const0.bin
ReFAM_sta3_j1_k1_const1.bin
ReFAM_sta3_j1_k2_const0.bin
ReFAM_sta3_j1_k2_const1.bin
ReFAM_sta3_j1_k3_const0.bin
ReFAM_sta3_j1_k3_const1.bin
ReFAM_sta3_j1_k4_const0.bin
ReFAM_sta3_j1_k4_const1.bin
ReFAM_sta3_j1_k5_const0.bin
ReFAM_sta3_j1_k5_const1.bin
ReFAM_sta3_j1_k6_const0.bin
ReFAM_sta3_j1_k6_const1.bin
ReFAM_sta3_j1_k7_const0.bin
ReFAM_sta3_j1_k7_const1.bin
ReFAM_sta3_j1_k8_const0.bin
ReFAM_sta3_j1_k8_const1.bin
ReFAM_sta3_j1_k9_const0.bin
ReFAM_sta3_j1_k9_const1.bin
ReFAM_sta3_j2_k1_const0.bin
ReFAM_sta3_j2_k1_const1.bin
ReFAM_sta3_j2_k2_const0.bin
ReFAM_sta3_j2_k2_const1.bin
ReFAM_sta3_j2_k3_const0.bin
ReFAM_sta3_j2_k3_const1.bin
ReFAM_sta3_j2_k4_const0.bin
ReFAM_sta3_j2_k4_const1.bin
ReFAM_sta3_j2_k5_const0.bin
ReFAM_sta3_j2_k5_const1.bin
ReFAM_sta3_j2_k6_const0.bin
ReFAM_sta3_j2_k6_const1.bin
ReFAM_sta3_j2_k7_const0.bin
ReFAM_sta3_j2_k7_const1.bin
ReFAM_sta3_j2_k8_const0.bin
ReFAM_sta3_j2_k8_const1.bin
ReFAM_sta3_j3_k1_const0.bin
ReFAM_sta3_j3_k1_const1.bin
ReFAM_sta3_j3_k2_const0.bin
ReFAM_sta3_j3_k2_const1.bin
ReFAM_sta3_j3_k3_const0.bin
ReFAM_sta3_j3_k3_const1.bin
ReFAM_sta3_j3_k4_const0.bin
ReFAM_sta3_j3_k4_const1.bin
ReFAM_sta3_j3_k5_const0.bin
ReFAM_sta3_j3_k5_const1.bin
ReFAM_sta3_j3_k6_const0.bin
ReFAM_sta3_j3_k6_const1.bin
ReFAM_sta3_j3_k7_const0.bin
ReFAM_sta3_j3_k7_const1.bin
ReFAM_sta3_j4_k1_const0.bin
ReFAM_sta3_j4_k1_const1.bin
ReFAM_sta3_j4_k2_const0.bin
ReFAM_sta3_j4_k2_const1.bin
ReFAM_sta3_j4_k3_const0.bin
ReFAM_sta3_j4_k3_const1.bin
ReFAM_sta3_j4_k4_const0.bin
ReFAM_sta3_j4_k4_const1.bin
ReFAM_sta3_j4_k5_const0.bin
ReFAM_sta3_j4_k5_const1.bin
ReFAM_sta3_j4_k6_const0.bin
ReFAM_sta3_j4_k6_const1.bin
ReFAM_sta3_j5_k1_const0.bin
ReFAM_sta3_j5_k1_const1.bin
ReFAM_sta3_j5_k2_const0.bin
ReFAM_sta3_j5_k2_const1.bin
ReFAM_sta3_j5_k3_const0.bin
ReFAM_sta3_j5_k3_const1.bin
ReFAM_sta3_j5_k4_const0.bin
ReFAM_sta3_j5_k4_const1.bin
ReFAM_sta3_j5_k5_const0.bin
ReFAM_sta3_j5_k5_const1.bin
ReFAM_sta3_j6_k1_const0.bin
ReFAM_sta3_j6_k1_const1.bin
ReFAM_sta3_j6_k2_const0.bin
ReFAM_sta3_j6_k2_const1.bin
ReFAM_sta3_j6_k3_const0.bin
ReFAM_sta3_j6_k3_const1.bin
ReFAM_sta3_j6_k4_const0.bin
ReFAM_sta3_j6_k4_const1.bin
ReFAM_sta3_j7_k1_const0.bin
ReFAM_sta3_j7_k1_const1.bin
ReFAM_sta3_j7_k2_const0.bin
ReFAM_sta3_j7_k2_const1.bin
ReFAM_sta3_j7_k3_const0.bin
ReFAM_sta3_j7_k3_const1.bin
ReFAM_sta3_j8_k1_const0.bin
ReFAM_sta3_j8_k1_const1.bin
ReFAM_sta3_j8_k2_const0.bin
ReFAM_sta3_j8_k2_const1.bin
ReFAM_sta4_j1_k1_const0.bin
ReFAM_sta4_j1_k1_const1.bin
ReFAM_sta4_j1_k2_const0.bin
ReFAM_sta4_j1_k2_const1.bin
ReFAM_sta4_j1_k3_const0.bin
ReFAM_sta4_j1_k3_const1.bin
ReFAM_sta4_j1_k4_const0.bin
ReFAM_sta4_j1_k4_const1.bin
ReFAM_sta4_j1_k5_const0.bin
ReFAM_sta4_j1_k5_const1.bin
ReFAM_sta4_j1_k6_const0.bin
ReFAM_sta4_j1_k6_const1.bin
ReFAM_sta4_j1_k7_const0.bin
ReFAM_sta4_j1_k7_const1.bin
ReFAM_sta4_j1_k8_const0.bin
ReFAM_sta4_j1_k8_const1.bin
ReFAM_sta4_j1_k9_const0.bin
ReFAM_sta4_j1_k9_const1.bin
ReFAM_sta4_j2_k1_const0.bin
ReFAM_sta4_j2_k1_const1.bin
ReFAM_sta4_j2_k2_const0.bin
ReFAM_sta4_j2_k2_const1.bin
ReFAM_sta4_j2_k3_const0.bin
ReFAM_sta4_j2_k3_const1.bin
ReFAM_sta4_j2_k4_const0.bin
ReFAM_sta4_j2_k4_const1.bin
ReFAM_sta4_j2_k5_const0.bin
ReFAM_sta4_j2_k5_const1.bin
ReFAM_sta4_j2_k6_const0.bin
ReFAM_sta4_j2_k6_const1.bin
ReFAM_sta4_j2_k7_const0.bin
ReFAM_sta4_j2_k7_const1.bin
ReFAM_sta4_j2_k8_const0.bin
ReFAM_sta4_j2_k8_const1.bin
ReFAM_sta4_j3_k1_const0.bin
ReFAM_sta4_j3_k1_const1.bin
ReFAM_sta4_j3_k2_const0.bin
ReFAM_sta4_j3_k2_const1.bin
ReFAM_sta4_j3_k3_const0.bin
ReFAM_sta4_j3_k3_const1.bin
ReFAM_sta4_j3_k4_const0.bin
ReFAM_sta4_j3_k4_const1.bin
ReFAM_sta4_j3_k5_const0.bin
ReFAM_sta4_j3_k5_const1.bin
ReFAM_sta4_j3_k6_const0.bin
ReFAM_sta4_j3_k6_const1.bin
ReFAM_sta4_j3_k7_const0.bin
ReFAM_sta4_j3_k7_const1.bin
ReFAM_sta4_j4_k1_const0.bin
ReFAM_sta4_j4_k1_const1.bin
ReFAM_sta4_j4_k2_const0.bin
ReFAM_sta4_j4_k2_const1.bin
ReFAM_sta4_j4_k3_const0.bin
ReFAM_sta4_j4_k3_const1.bin
ReFAM_sta4_j4_k4_const0.bin
ReFAM_sta4_j4_k4_const1.bin
ReFAM_sta4_j4_k5_const0.bin
ReFAM_sta4_j4_k5_const1.bin
ReFAM_sta4_j4_k6_const0.bin
ReFAM_sta4_j4_k6_const1.bin
ReFAM_sta4_j5_k1_const0.bin
ReFAM_sta4_j5_k1_const1.bin
ReFAM_sta4_j5_k2_const0.bin
ReFAM_sta4_j5_k2_const1.bin
ReFAM_sta4_j5_k3_const0.bin
ReFAM_sta4_j5_k3_const1.bin
ReFAM_sta4_j5_k4_const0.bin
ReFAM_sta4_j5_k4_const1.bin
ReFAM_sta4_j5_k5_const0.bin
ReFAM_sta4_j5_k5_const1.bin
ReFAM_sta4_j6_k1_const0.bin
ReFAM_sta4_j6_k1_const1.bin
ReFAM_sta4_j6_k2_const0.bin
ReFAM_sta4_j6_k2_const1.bin
ReFAM_sta4_j6_k3_const0.bin
ReFAM_sta4_j6_k3_const1.bin
ReFAM_sta4_j6_k4_const0.bin
ReFAM_sta4_j6_k4_const1.bin
ReFAM_sta4_j7_k1_const0.bin
ReFAM_sta4_j7_k1_const1.bin
ReFAM_sta4_j7_k2_const0.bin
ReFAM_sta4_j7_k2_const1.bin
ReFAM_sta4_j7_k3_const0.bin
ReFAM_sta4_j7_k3_const1.bin
ReFAM_sta4_j8_k1_const0.bin
ReFAM_sta4_j8_k1_const1.bin
ReFAM_sta4_j8_k2_const0.bin
ReFAM_sta4_j8_k2_const1.bin
SSM4.bin
SSM5.bin
SSM6.bin
SSM7.bin
AM11.bin
AM12.bin
AM13.bin
AM14.bin
AM15.bin
AM16.bin
AM17.bin
AM18.bin
PPAM01.bin
PPAM02.bin
PPAM03.bin
PPAM04.bin
PPAM05.bin
PPAM06.bin
PPAM07.bin
PPAM08.bin
AM21.bin
AM22.bin
AM23.bin
AM24.bin
AM25.bin
AM26.bin
AM27.bin
AM28.bin
PPAM21.bin
PPAM22.bin
PPAM23.bin
PPAM24.bin
PPAM25.bin
PPAM26.bin
TruMul1.bin
TruMul2.bin
TruMul3.bin
TruMul4.bin
PPAM11.bin
PPAM12.bin
PPAM13.bin
PPAM14.bin
PPAM15.bin
PPAM16.bin
PPAM17.bin
ETM4.bin
ETM5.bin
ETM6.bin
ETM7.bin
PPAM41.bin
PPAM42.bin
PPAM43.bin
PPAM44.bin
ICM.bin
PPAM31.bin
PPAM32.bin
PPAM33.bin
PPAM34.bin
PPAM35.bin
BAM1.bin
BAM2.bin
BAM3.bin
BAM4.bin
BAM5.bin
BAM6.bin
BAM7.bin
BAM8.bin
UDM.bin
DRUM4.bin
DRUM5.bin
DRUM6.bin
DRUM7.bin
ALM_SOA1.bin
ALM_SOA2.bin
ALM_SOA3.bin
ALM_SOA4.bin
ALM_SOA5.bin
ALM_SOA6.bin
